<?xml version="1.0" encoding="UTF-8" ?>
<testsuite errors="5" failures="3" hostname="Liams-MacBook-Air-3.local" name="simpledb.HeapFileReadTest" skipped="0" tests="8" time="0.158" timestamp="2023-02-03T07:41:52">
  <properties>
[...]
</properties>
  <testcase classname="simpledb.HeapFileReadTest" name="getId" time="0.033">
    <error message="implement this" type="java.lang.UnsupportedOperationException">java.lang.UnsupportedOperationException: implement this
	at simpledb.HeapFile.getId(HeapFile.java:50)
	at simpledb.HeapFileReadTest.getId(HeapFileReadTest.java:40)
	at java.base/jdk.internal.reflect.DirectMethodHandleAccessor.invoke(DirectMethodHandleAccessor.java:104)
</error>
  </testcase>
  <testcase classname="simpledb.HeapFileReadTest" name="getFile" time="0.003">
    <error type="java.lang.AssertionError">java.lang.AssertionError: 
	at simpledb.HeapFileReadTest.getFile(HeapFileReadTest.java:54)
	at java.base/jdk.internal.reflect.DirectMethodHandleAccessor.invoke(DirectMethodHandleAccessor.java:104)
</error>
  </testcase>
  <testcase classname="simpledb.HeapFileReadTest" name="numPages" time="0.002">
    <error message="expected:&lt;1&gt; but was:&lt;0&gt;" type="java.lang.AssertionError">java.lang.AssertionError: expected:&lt;1&gt; but was:&lt;0&gt;
	at simpledb.HeapFileReadTest.numPages(HeapFileReadTest.java:70)
	at java.base/jdk.internal.reflect.DirectMethodHandleAccessor.invoke(DirectMethodHandleAccessor.java:104)
</error>
  </testcase>
  <testcase classname="simpledb.HeapFileReadTest" name="readPage" time="0.003">
    <error message="implement this" type="java.lang.UnsupportedOperationException">java.lang.UnsupportedOperationException: implement this
	at simpledb.HeapFile.getId(HeapFile.java:50)
	at simpledb.HeapFileReadTest.readPage(HeapFileReadTest.java:79)
	at java.base/jdk.internal.reflect.DirectMethodHandleAccessor.invoke(DirectMethodHandleAccessor.java:104)
</error>
  </testcase>
  <testcase classname="simpledb.HeapFileReadTest" name="getTupleDesc" time="0.002">
    <error message="implement this" type="java.lang.UnsupportedOperationException">java.lang.UnsupportedOperationException: implement this
	at simpledb.HeapFile.getTupleDesc(HeapFile.java:60)
	at simpledb.HeapFileReadTest.getTupleDesc(HeapFileReadTest.java:63)
	at java.base/jdk.internal.reflect.DirectMethodHandleAccessor.invoke(DirectMethodHandleAccessor.java:104)
</error>
  </testcase>
  <testcase classname="simpledb.HeapFileReadTest" name="testIteratorBasic" time="0.004">
    <error message="Cannot invoke &quot;simpledb.DbFileIterator.hasNext()&quot; because &quot;it&quot; is null" type="java.lang.NullPointerException">java.lang.NullPointerException: Cannot invoke &quot;simpledb.DbFileIterator.hasNext()&quot; because &quot;it&quot; is null
	at simpledb.HeapFileReadTest.testIteratorBasic(HeapFileReadTest.java:99)
	at java.base/jdk.internal.reflect.DirectMethodHandleAccessor.invoke(DirectMethodHandleAccessor.java:104)
</error>
  </testcase>
  <testcase classname="simpledb.HeapFileReadTest" name="testIteratorClose" time="0.008">
    <error message="Cannot invoke &quot;simpledb.DbFileIterator.open()&quot; because &quot;it&quot; is null" type="java.lang.NullPointerException">java.lang.NullPointerException: Cannot invoke &quot;simpledb.DbFileIterator.open()&quot; because &quot;it&quot; is null
	at simpledb.HeapFileReadTest.testIteratorClose(HeapFileReadTest.java:127)
	at java.base/jdk.internal.reflect.DirectMethodHandleAccessor.invoke(DirectMethodHandleAccessor.java:104)
</error>
  </testcase>
  <testcase classname="simpledb.HeapFileReadTest" name="testIteratorEmptyPages" time="0.014">
    <error message="expected:&lt;3&gt; but was:&lt;0&gt;" type="java.lang.AssertionError">java.lang.AssertionError: expected:&lt;3&gt; but was:&lt;0&gt;
	at simpledb.HeapFileReadTest.testIteratorEmptyPages(HeapFileReadTest.java:157)
	at java.base/jdk.internal.reflect.DirectMethodHandleAccessor.invoke(DirectMethodHandleAccessor.java:104)
</error>
  </testcase>
  <system-out><![CDATA[]]></system-out>
  <system-err><![CDATA[]]></system-err>
</testsuite>
