<?xml version="1.0" encoding="UTF-8" ?>
<testsuite errors="3" failures="1" hostname="Liams-MacBook-Air-3.local" name="simpledb.RecordIdTest" skipped="0" tests="4" time="0.094" timestamp="2023-02-03T07:41:53">
  <properties>
[...]
</properties>
  <testcase classname="simpledb.RecordIdTest" name="equals" time="0.01">
    <error message="implement this" type="java.lang.UnsupportedOperationException">java.lang.UnsupportedOperationException: implement this
	at simpledb.RecordId.equals(RecordId.java:51)
	at simpledb.RecordIdTest.equals(RecordIdTest.java:50)
	at java.base/jdk.internal.reflect.DirectMethodHandleAccessor.invoke(DirectMethodHandleAccessor.java:104)
</error>
  </testcase>
  <testcase classname="simpledb.RecordIdTest" name="getPageId" time="0.001">
    <error message="implement this" type="java.lang.UnsupportedOperationException">java.lang.UnsupportedOperationException: implement this
	at simpledb.HeapPageId.hashCode(HeapPageId.java:41)
	at java.base/java.lang.Object.toString(Object.java:257)
	at java.base/java.lang.String.valueOf(String.java:4225)
	at simpledb.RecordIdTest.getPageId(RecordIdTest.java:35)
	at java.base/jdk.internal.reflect.DirectMethodHandleAccessor.invoke(DirectMethodHandleAccessor.java:104)
</error>
  </testcase>
  <testcase classname="simpledb.RecordIdTest" name="tupleno" time="0.001">
    <error message="expected:&lt;3&gt; but was:&lt;0&gt;" type="java.lang.AssertionError">java.lang.AssertionError: expected:&lt;3&gt; but was:&lt;0&gt;
	at simpledb.RecordIdTest.tupleno(RecordIdTest.java:43)
	at java.base/jdk.internal.reflect.DirectMethodHandleAccessor.invoke(DirectMethodHandleAccessor.java:104)
</error>
  </testcase>
  <testcase classname="simpledb.RecordIdTest" name="hCode" time="0.002">
    <error message="implement this" type="java.lang.UnsupportedOperationException">java.lang.UnsupportedOperationException: implement this
	at simpledb.RecordId.hashCode(RecordId.java:63)
	at simpledb.RecordIdTest.hCode(RecordIdTest.java:62)
	at java.base/jdk.internal.reflect.DirectMethodHandleAccessor.invoke(DirectMethodHandleAccessor.java:104)
</error>
  </testcase>
  <system-out><![CDATA[]]></system-out>
  <system-err><![CDATA[]]></system-err>
</testsuite>
