<?xml version="1.0" encoding="UTF-8" ?>
<testsuite errors="0" failures="2" hostname="Liams-MacBook-Air-3.local" name="simpledb.CatalogTest" skipped="0" tests="7" time="0.317" timestamp="2023-02-03T07:41:52">
  <properties>
[...]
</properties>
  <testcase classname="simpledb.CatalogTest" name="clear" time="0.023" />
  <testcase classname="simpledb.CatalogTest" name="getTableId" time="0.0" />
  <testcase classname="simpledb.CatalogTest" name="getDatabaseFile" time="0.0" />
  <testcase classname="simpledb.CatalogTest" name="handleDuplicateNames" time="0.006">
    <error message="expected:&lt;1617375095&gt; but was:&lt;-1353758679&gt;" type="java.lang.AssertionError">java.lang.AssertionError: expected:&lt;1617375095&gt; but was:&lt;-1353758679&gt;
	at simpledb.CatalogTest.handleDuplicateNames(CatalogTest.java:84)
	at java.base/jdk.internal.reflect.DirectMethodHandleAccessor.invoke(DirectMethodHandleAccessor.java:104)
</error>
  </testcase>
  <testcase classname="simpledb.CatalogTest" name="getTableName" time="0.001" />
  <testcase classname="simpledb.CatalogTest" name="handleDuplicateIds" time="0.004">
    <error message="expected:&lt;1[b9f0f6b-e54b-48bd-92e4-a37396340be5]&gt; but was:&lt;1[cdaf218-f9b8-4337-b75b-e1713d38af46]&gt;" type="org.junit.ComparisonFailure">org.junit.ComparisonFailure: expected:&lt;1[b9f0f6b-e54b-48bd-92e4-a37396340be5]&gt; but was:&lt;1[cdaf218-f9b8-4337-b75b-e1713d38af46]&gt;
	at simpledb.CatalogTest.handleDuplicateIds(CatalogTest.java:100)
	at java.base/jdk.internal.reflect.DirectMethodHandleAccessor.invoke(DirectMethodHandleAccessor.java:104)
</error>
  </testcase>
  <testcase classname="simpledb.CatalogTest" name="getTupleDesc" time="0.001" />
  <system-out><![CDATA[]]></system-out>
  <system-err><![CDATA[]]></system-err>
</testsuite>
